build/app/outputs/mapping/release/usage.txt
com.example.socio.BuildConfig
com.example.socio.R$color
com.example.socio.R$mipmap
com.example.socio.R$drawable
com.example.socio.R$attr
com.example.socio.R$styleable
com.example.socio.R$integer
com.example.socio.R$string
com.example.socio.R$dimen
com.example.socio.R$style
com.example.socio.R$layout
com.example.socio.R$id
com.example.socio.R
...
kotlin.sequences.SequencesKt___SequencesKt$minus$1
kotlin.experimental.BitwiseOperationsKt
io.flutter.embedding.android.FlutterActivityAndFragmentDelegate:
    void onLowMemory()
    private static final java.lang.String TAG
    private static final java.lang.String FRAMEWORK_RESTORATION_BUNDLE_KEY
    private static final java.lang.String PLUGINS_RESTORATION_BUNDLE_KEY
androidx.core.app.ActivityRecreator$3
kotlin.internal.UProgressionUtilKt
io.flutter.util.PathUtils:
    public void <init>()
kotlin.UninitializedPropertyAccessException
kotlin.text.StringsKt__IndentKt$getIndentFunction$2
kotlin.reflect.KProperty0
io.flutter.embedding.engine.plugins.activity.ActivityPluginBinding:
    public abstract android.app.Activity getActivity()
    public abstract java.lang.Object getLifecycle()
    public abstract void addRequestPermissionsResultListener(io.flutter.plugin.common.PluginRegistry$RequestPermissionsResultListener)
    public abstract void removeRequestPermissionsResultListener(io.flutter.plugin.common.PluginRegistry$RequestPermissionsResultListener)
    public abstract void addActivityResultListener(io.flutter.plugin.common.PluginRegistry$ActivityResultListener)
    public abstract void removeActivityResultListener(io.flutter.plugin.common.PluginRegistry$ActivityResultListener)
    public abstract void addOnNewIntentListener(io.flutter.plugin.common.PluginRegistry$NewIntentListener)
    public abstract void removeOnNewIntentListener(io.flutter.plugin.common.PluginRegistry$NewIntentListener)
    public abstract void addOnUserLeaveHintListener(io.flutter.plugin.common.PluginRegistry$UserLeaveHintListener)
    public abstract void removeOnUserLeaveHintListener(io.flutter.plugin.common.PluginRegistry$UserLeaveHintListener)
    public abstract void addOnSaveStateListener(io.flutter.embedding.engine.plugins.activity.ActivityPluginBinding$OnSaveInstanceStateListener)
    public abstract void removeOnSaveStateListener(io.flutter.embedding.engine.plugins.activity.ActivityPluginBinding$OnSaveInstanceStateListener)
kotlin.sequences.SequencesKt___SequencesKt$sortedWith$1
kotlin.ExperimentalMultiplatform
androidx.fragment.app.FragmentTransitionCompat21$4
kotlin.collections.unsigned.UArraysKt___UArraysJvmKt$asList$1
androidx.core.app.NotificationCompat$MessagingStyle$Message
kotlin.comparisons.ComparisonsKt__ComparisonsKt
kotlin.PublishedApi
androidx.loader.content.ModernAsyncTask$1
androidx.core.widget.TextViewCompat$AutoSizeTextType
androidx.annotation.NavigationRes
androidx.core.view.accessibility.AccessibilityNodeInfoCompat
androidx.savedstate.SavedStateRegistry$1:
    void <init>(androidx.savedstate.SavedStateRegistry)
kotlin.time.ClockKt
io.flutter.app.FlutterPluginRegistry$FlutterRegistrar
kotlin.text.DelimitedRangesSequence$iterator$1
kotlin.collections.BooleanIterator
kotlin.UseExperimental
androidx.core.internal.view.SupportMenu
kotlin.coroutines.jvm.internal.ModuleNameRetriever
io.flutter.plugin.editing.InputConnectionAdaptor:
    private boolean isSamsung()
    private static int clampIndexToEditable(int,android.text.Editable)
    private static final java.lang.String TAG
kotlin.io.ConsoleKt$decoder$2
androidx.core.view.WindowInsetsCompat
kotlin.ExtensionFunctionType
kotlin.Pair
androidx.core.view.LayoutInflaterFactory
androidx.core.text.TextDirectionHeuristicsCompat$TextDirectionAlgorithm
io.flutter.FlutterInjector$Builder:
    public io.flutter.FlutterInjector$Builder setFlutterLoader(io.flutter.embedding.engine.loader.FlutterLoader)
    public io.flutter.FlutterInjector$Builder setDeferredComponentManager(io.flutter.embedding.engine.deferredcomponents.DeferredComponentManager)
androidx.fragment.app.Fragment$InstantiationException
kotlin.sequences.FlatteningSequence$iterator$1
kotlin.collections.ArraysKt___ArraysJvmKt$asList$3
io.flutter.plugin.platform.PlatformViewsController:
    private static final java.lang.String TAG
kotlin.sequences.TransformingSequence$iterator$1
kotlin.text.StringsKt__IndentKt$prependIndent$1